#
# A fatal error has been detected by the Java Runtime Environment:
#
#  EXCEPTION_ACCESS_VIOLATION (0xc0000005) at pc=0x00000000707b2a33, pid=6728, tid=7020
#
# JRE version: Java(TM) SE Runtime Environment (8.0_91-b15) (build 1.8.0_91-b15)
# Java VM: Java HotSpot(TM) 64-Bit Server VM (25.91-b15 mixed mode windows-amd64 compressed oops)
# Problematic frame:
# V  [jvm.dll+0x452a33]
#
# Failed to write core dump. Minidumps are not enabled by default on client versions of Windows
#
# If you would like to submit a bug report, please visit:
#   http://bugreport.java.com/bugreport/crash.jsp
#

---------------  T H R E A D  ---------------

Current thread (0x0000000054fea000):  JavaThread "C2 CompilerThread1" daemon [_thread_in_native, id=7020, stack(0x0000000056c80000,0x0000000056d80000)]

siginfo: ExceptionCode=0xc0000005, reading address 0x00000000d66a4d8a

Registers:
RAX=0x00000000566a2bf0, RBX=0x0000000000000004, RCX=0x0000000058cffde8, RDX=0x0000000020000866
RSP=0x0000000056d7c380, RBP=0x0000000000000007, RSI=0x0000000056803248, RDI=0x0000000000000000
R8 =0xffffffffffffffff, R9 =0x0000000056804018, R10=0x0000000056d7c640, R11=0x000000005848de10
R12=0x0000000000000000, R13=0x00000000582d9ad8, R14=0x0000000000000000, R15=0x0000000056734ea0
RIP=0x00000000707b2a33, EFLAGS=0x0000000000010297

Top of Stack: (sp=0x0000000056d7c380)
0x0000000056d7c380:   0000000000000020 0000000000000007
0x0000000056d7c390:   0000000058d00e88 0000000000003700
0x0000000056d7c3a0:   00000000582d6150 0000000000000007
0x0000000056d7c3b0:   0000000057561d38 0000000000000020
0x0000000056d7c3c0:   0000000000000000 0000000000000000
0x0000000056d7c3d0:   0000000056734ea0 000000007044bc8b
0x0000000056d7c3e0:   0000000000000000 00000000000000da
0x0000000056d7c3f0:   0000000056d7e9c0 0000000000000000
0x0000000056d7c400:   0000000056d7e9c0 00000000582d2190
0x0000000056d7c410:   000000005645c610 0000000056d7c4a8
0x0000000056d7c420:   0000000000000007 00000000707b322a
0x0000000056d7c430:   0000000056d7c640 0000000056d7c5b0
0x0000000056d7c440:   0000000056d7c478 0000000000000007
0x0000000056d7c450:   000000005645c610 00000000582d6020
0x0000000056d7c460:   000000005645c610 00000000708534d9
0x0000000056d7c470:   0000000000001000 0000000000000080 

Instructions: (pc=0x00000000707b2a33)
0x00000000707b2a13:   3b 77 18 73 0a 49 8b 47 20 48 8b 34 f8 eb 02 33
0x00000000707b2a23:   f6 8b 56 28 4c 8b 94 24 b0 00 00 00 49 8b 42 18
0x00000000707b2a33:   48 0f bf 4c 90 02 4c 0f bf 04 90 83 f9 ff 74 18
0x00000000707b2a43:   48 8b d1 83 e1 1f b8 01 00 00 00 d3 e0 48 c1 fa 


Register to memory mapping:

RAX=0x00000000566a2bf0 is an unknown value
RBX=0x0000000000000004 is an unknown value
RCX=0x0000000058cffde8 is an unknown value
RDX=0x0000000020000866 is an unknown value
RSP=0x0000000056d7c380 is pointing into the stack for thread: 0x0000000054fea000
RBP=0x0000000000000007 is an unknown value
RSI=0x0000000056803248 is an unknown value
RDI=0x0000000000000000 is an unknown value
R8 =0xffffffffffffffff is an unknown value
R9 =0x0000000056804018 is an unknown value
R10=0x0000000056d7c640 is pointing into the stack for thread: 0x0000000054fea000
R11=0x000000005848de10 is an unknown value
R12=0x0000000000000000 is an unknown value
R13=0x00000000582d9ad8 is an unknown value
R14=0x0000000000000000 is an unknown value
R15=0x0000000056734ea0 is an unknown value


Stack: [0x0000000056c80000,0x0000000056d80000],  sp=0x0000000056d7c380,  free space=1008k
Native frames: (J=compiled Java code, j=interpreted, Vv=VM code, C=native code)
V  [jvm.dll+0x452a33]
V  [jvm.dll+0x45322a]
V  [jvm.dll+0x4f6a44]
V  [jvm.dll+0x46f692]
V  [jvm.dll+0x471b72]
V  [jvm.dll+0x454ce2]
V  [jvm.dll+0xa4be2]
V  [jvm.dll+0xa551f]
V  [jvm.dll+0x243ae4]
V  [jvm.dll+0x29a99a]
C  [msvcr100.dll+0x21d9f]
C  [msvcr100.dll+0x21e3b]
C  [kernel32.dll+0x1652d]
C  [ntdll.dll+0x2c541]


Current CompileTask:
C2:  11180 1888   !   4       com.android.dx.rop.type.Type::intern (319 bytes)


---------------  P R O C E S S  ---------------

Java Threads: ( => current thread )
  0x0000000056474000 JavaThread "Service Thread" daemon [_thread_blocked, id=7064, stack(0x0000000056fe0000,0x00000000570e0000)]
  0x0000000054feb800 JavaThread "C1 CompilerThread2" daemon [_thread_blocked, id=7080, stack(0x0000000056ec0000,0x0000000056fc0000)]
=>0x0000000054fea000 JavaThread "C2 CompilerThread1" daemon [_thread_in_native, id=7020, stack(0x0000000056c80000,0x0000000056d80000)]
  0x0000000056473000 JavaThread "C2 CompilerThread0" daemon [_thread_in_vm, id=2496, stack(0x0000000056240000,0x0000000056340000)]
  0x000000005646e000 JavaThread "Attach Listener" daemon [_thread_blocked, id=6484, stack(0x0000000056b20000,0x0000000056c20000)]
  0x0000000054fe8000 JavaThread "Signal Dispatcher" daemon [_thread_blocked, id=6804, stack(0x0000000056900000,0x0000000056a00000)]
  0x0000000054fc9800 JavaThread "Finalizer" daemon [_thread_blocked, id=6948, stack(0x0000000056350000,0x0000000056450000)]
  0x0000000054f82000 JavaThread "Reference Handler" daemon [_thread_blocked, id=3492, stack(0x00000000560a0000,0x00000000561a0000)]
  0x000000000250e000 JavaThread "main" [_thread_in_Java, id=6692, stack(0x0000000002540000,0x0000000002640000)]

Other Threads:
  0x0000000054f7a800 VMThread [stack: 0x0000000055fa0000,0x00000000560a0000] [id=6620]
  0x0000000056514800 WatcherThread [stack: 0x00000000571b0000,0x00000000572b0000] [id=2412]

VM state:not at safepoint (normal execution)

VM Mutex/Monitor currently owned by a thread: None

Heap:
 PSYoungGen      total 134144K, used 13800K [0x00000000eab00000, 0x00000000fc500000, 0x0000000100000000)
  eden space 120832K, 5% used [0x00000000eab00000,0x00000000eb204110,0x00000000f2100000)
  from space 13312K, 49% used [0x00000000f2100000,0x00000000f27761d8,0x00000000f2e00000)
  to   space 23552K, 0% used [0x00000000fae00000,0x00000000fae00000,0x00000000fc500000)
 ParOldGen       total 81408K, used 40540K [0x00000000c0000000, 0x00000000c4f80000, 0x00000000eab00000)
  object space 81408K, 49% used [0x00000000c0000000,0x00000000c2797198,0x00000000c4f80000)
 Metaspace       used 6171K, capacity 7152K, committed 7296K, reserved 1056768K
  class space    used 589K, capacity 616K, committed 640K, reserved 1048576K

Card table byte_map: [0x0000000011ae0000,0x0000000011cf0000] byte_map_base: 0x00000000114e0000

Marking Bits: (ParMarkBitMap*) 0x0000000070b72f70
 Begin Bits: [0x00000000123f0000, 0x00000000133f0000)
 End Bits:   [0x00000000133f0000, 0x00000000143f0000)

Polling page: 0x0000000000230000

CodeCache: size=245760Kb used=8493Kb max_used=8509Kb free=237266Kb
 bounds [0x0000000002720000, 0x0000000002f80000, 0x0000000011720000]
 total_blobs=2079 nmethods=1810 adapters=180
 compilation: enabled

Compilation events (10 events):
Event: 7.190 Thread 0x0000000054fea000 nmethod 1799 0x0000000002f58e50 code [0x0000000002f5a540, 0x0000000002f63170]
Event: 7.192 Thread 0x0000000054fea000 1888   !   4       com.android.dx.rop.type.Type::intern (319 bytes)
Event: 7.251 Thread 0x0000000054feb800 1891       2       com.android.dx.dex.file.AnnotationUtils::makeSignature (251 bytes)
Event: 7.253 Thread 0x0000000054feb800 nmethod 1891 0x0000000002f56450 code [0x0000000002f56760, 0x0000000002f577c8]
Event: 11.114 Thread 0x0000000056473000 nmethod 1879% 0x0000000002f6cb90 code [0x0000000002f6ce60, 0x0000000002f6fa78]
Event: 11.114 Thread 0x0000000056473000 1866       4       com.android.dx.ssa.back.RegisterAllocator::getDefinitionSpecForSsaReg (22 bytes)
Event: 11.118 Thread 0x0000000056473000 nmethod 1866 0x0000000002f36a10 code [0x0000000002f36b80, 0x0000000002f36dc8]
Event: 11.118 Thread 0x0000000056473000 1881       4       com.android.dx.ssa.SsaInsn::getLocalAssignment (24 bytes)
Event: 11.118 Thread 0x0000000056473000 nmethod 1881 0x0000000002e11610 code [0x0000000002e11740, 0x0000000002e117b8]
Event: 11.118 Thread 0x0000000056473000 1865       4       com.android.dx.dex.code.RopTranslator$TranslationVisitor::visitPlainInsn (161 bytes)

GC Heap History (10 events):
Event: 4.055 GC heap before
{Heap before GC invocations=4 (full 0):
 PSYoungGen      total 33280K, used 33270K [0x00000000eab00000, 0x00000000eec00000, 0x0000000100000000)
  eden space 30720K, 100% used [0x00000000eab00000,0x00000000ec900000,0x00000000ec900000)
  from space 2560K, 99% used [0x00000000ec900000,0x00000000ecb7da60,0x00000000ecb80000)
  to   space 2560K, 0% used [0x00000000ee980000,0x00000000ee980000,0x00000000eec00000)
 ParOldGen       total 40960K, used 8289K [0x00000000c0000000, 0x00000000c2800000, 0x00000000eab00000)
  object space 40960K, 20% used [0x00000000c0000000,0x00000000c0818548,0x00000000c2800000)
 Metaspace       used 6016K, capacity 7024K, committed 7296K, reserved 1056768K
  class space    used 588K, capacity 616K, committed 640K, reserved 1048576K
Event: 4.089 GC heap after
Heap after GC invocations=4 (full 0):
 PSYoungGen      total 64000K, used 2547K [0x00000000eab00000, 0x00000000eec00000, 0x0000000100000000)
  eden space 61440K, 0% used [0x00000000eab00000,0x00000000eab00000,0x00000000ee700000)
  from space 2560K, 99% used [0x00000000ee980000,0x00000000eebfcf10,0x00000000eec00000)
  to   space 2560K, 0% used [0x00000000ee700000,0x00000000ee700000,0x00000000ee980000)
 ParOldGen       total 40960K, used 12836K [0x00000000c0000000, 0x00000000c2800000, 0x00000000eab00000)
  object space 40960K, 31% used [0x00000000c0000000,0x00000000c0c890f8,0x00000000c2800000)
 Metaspace       used 6016K, capacity 7024K, committed 7296K, reserved 1056768K
  class space    used 588K, capacity 616K, committed 640K, reserved 1048576K
}
Event: 5.313 GC heap before
{Heap before GC invocations=5 (full 0):
 PSYoungGen      total 64000K, used 63987K [0x00000000eab00000, 0x00000000eec00000, 0x0000000100000000)
  eden space 61440K, 100% used [0x00000000eab00000,0x00000000ee700000,0x00000000ee700000)
  from space 2560K, 99% used [0x00000000ee980000,0x00000000eebfcf10,0x00000000eec00000)
  to   space 2560K, 0% used [0x00000000ee700000,0x00000000ee700000,0x00000000ee980000)
 ParOldGen       total 40960K, used 12836K [0x00000000c0000000, 0x00000000c2800000, 0x00000000eab00000)
  object space 40960K, 31% used [0x00000000c0000000,0x00000000c0c890f8,0x00000000c2800000)
 Metaspace       used 6075K, capacity 7088K, committed 7296K, reserved 1056768K
  class space    used 588K, capacity 616K, committed 640K, reserved 1048576K
Event: 5.381 GC heap after
Heap after GC invocations=5 (full 0):
 PSYoungGen      total 64000K, used 2557K [0x00000000eab00000, 0x00000000f3900000, 0x0000000100000000)
  eden space 61440K, 0% used [0x00000000eab00000,0x00000000eab00000,0x00000000ee700000)
  from space 2560K, 99% used [0x00000000ee700000,0x00000000ee97f608,0x00000000ee980000)
  to   space 11264K, 0% used [0x00000000f2e00000,0x00000000f2e00000,0x00000000f3900000)
 ParOldGen       total 40960K, used 21071K [0x00000000c0000000, 0x00000000c2800000, 0x00000000eab00000)
  object space 40960K, 51% used [0x00000000c0000000,0x00000000c1493d58,0x00000000c2800000)
 Metaspace       used 6075K, capacity 7088K, committed 7296K, reserved 1056768K
  class space    used 588K, capacity 616K, committed 640K, reserved 1048576K
}
Event: 6.139 GC heap before
{Heap before GC invocations=6 (full 0):
 PSYoungGen      total 64000K, used 63997K [0x00000000eab00000, 0x00000000f3900000, 0x0000000100000000)
  eden space 61440K, 100% used [0x00000000eab00000,0x00000000ee700000,0x00000000ee700000)
  from space 2560K, 99% used [0x00000000ee700000,0x00000000ee97f608,0x00000000ee980000)
  to   space 11264K, 0% used [0x00000000f2e00000,0x00000000f2e00000,0x00000000f3900000)
 ParOldGen       total 40960K, used 21071K [0x00000000c0000000, 0x00000000c2800000, 0x00000000eab00000)
  object space 40960K, 51% used [0x00000000c0000000,0x00000000c1493d58,0x00000000c2800000)
 Metaspace       used 6087K, capacity 7088K, committed 7296K, reserved 1056768K
  class space    used 588K, capacity 616K, committed 640K, reserved 1048576K
Event: 6.203 GC heap after
Heap after GC invocations=6 (full 0):
 PSYoungGen      total 132096K, used 11251K [0x00000000eab00000, 0x00000000f3d00000, 0x0000000100000000)
  eden space 120832K, 0% used [0x00000000eab00000,0x00000000eab00000,0x00000000f2100000)
  from space 11264K, 99% used [0x00000000f2e00000,0x00000000f38fcc78,0x00000000f3900000)
  to   space 13312K, 0% used [0x00000000f2100000,0x00000000f2100000,0x00000000f2e00000)
 ParOldGen       total 40960K, used 21393K [0x00000000c0000000, 0x00000000c2800000, 0x00000000eab00000)
  object space 40960K, 52% used [0x00000000c0000000,0x00000000c14e46a8,0x00000000c2800000)
 Metaspace       used 6087K, capacity 7088K, committed 7296K, reserved 1056768K
  class space    used 588K, capacity 616K, committed 640K, reserved 1048576K
}
Event: 7.255 GC heap before
{Heap before GC invocations=7 (full 0):
 PSYoungGen      total 132096K, used 132083K [0x00000000eab00000, 0x00000000f3d00000, 0x0000000100000000)
  eden space 120832K, 100% used [0x00000000eab00000,0x00000000f2100000,0x00000000f2100000)
  from space 11264K, 99% used [0x00000000f2e00000,0x00000000f38fcc78,0x00000000f3900000)
  to   space 13312K, 0% used [0x00000000f2100000,0x00000000f2100000,0x00000000f2e00000)
 ParOldGen       total 40960K, used 21393K [0x00000000c0000000, 0x00000000c2800000, 0x00000000eab00000)
  object space 40960K, 52% used [0x00000000c0000000,0x00000000c14e46a8,0x00000000c2800000)
 Metaspace       used 6171K, capacity 7152K, committed 7296K, reserved 1056768K
  class space    used 589K, capacity 616K, committed 640K, reserved 1048576K
Event: 7.450 GC heap after
Heap after GC invocations=7 (full 0):
 PSYoungGen      total 134144K, used 13285K [0x00000000eab00000, 0x00000000fc500000, 0x0000000100000000)
  eden space 120832K, 0% used [0x00000000eab00000,0x00000000eab00000,0x00000000f2100000)
  from space 13312K, 99% used [0x00000000f2100000,0x00000000f2df95c8,0x00000000f2e00000)
  to   space 23552K, 0% used [0x00000000fae00000,0x00000000fae00000,0x00000000fc500000)
 ParOldGen       total 40960K, used 37821K [0x00000000c0000000, 0x00000000c2800000, 0x00000000eab00000)
  object space 40960K, 92% used [0x00000000c0000000,0x00000000c24ef400,0x00000000c2800000)
 Metaspace       used 6171K, capacity 7152K, committed 7296K, reserved 1056768K
  class space    used 589K, capacity 616K, committed 640K, reserved 1048576K
}
Event: 7.450 GC heap before
{Heap before GC invocations=8 (full 1):
 PSYoungGen      total 134144K, used 13285K [0x00000000eab00000, 0x00000000fc500000, 0x0000000100000000)
  eden space 120832K, 0% used [0x00000000eab00000,0x00000000eab00000,0x00000000f2100000)
  from space 13312K, 99% used [0x00000000f2100000,0x00000000f2df95c8,0x00000000f2e00000)
  to   space 23552K, 0% used [0x00000000fae00000,0x00000000fae00000,0x00000000fc500000)
 ParOldGen       total 40960K, used 37821K [0x00000000c0000000, 0x00000000c2800000, 0x00000000eab00000)
  object space 40960K, 92% used [0x00000000c0000000,0x00000000c24ef400,0x00000000c2800000)
 Metaspace       used 6171K, capacity 7152K, committed 7296K, reserved 1056768K
  class space    used 589K, capacity 616K, committed 640K, reserved 1048576K
Event: 11.114 GC heap after
Heap after GC invocations=8 (full 1):
 PSYoungGen      total 134144K, used 6616K [0x00000000eab00000, 0x00000000fc500000, 0x0000000100000000)
  eden space 120832K, 0% used [0x00000000eab00000,0x00000000eab00000,0x00000000f2100000)
  from space 13312K, 49% used [0x00000000f2100000,0x00000000f27761d8,0x00000000f2e00000)
  to   space 23552K, 0% used [0x00000000fae00000,0x00000000fae00000,0x00000000fc500000)
 ParOldGen       total 81408K, used 40540K [0x00000000c0000000, 0x00000000c4f80000, 0x00000000eab00000)
  object space 81408K, 49% used [0x00000000c0000000,0x00000000c2797198,0x00000000c4f80000)
 Metaspace       used 6171K, capacity 7152K, committed 7296K, reserved 1056768K
  class space    used 589K, capacity 616K, committed 640K, reserved 1048576K
}

Deoptimization events (10 events):
Event: 5.516 Thread 0x000000000250e000 Uncommon trap: reason=bimorphic action=maybe_recompile pc=0x0000000002d73e48 method=com.android.dx.cf.code.BytecodeArray.parseInstruction(ILcom/android/dx/cf/code/BytecodeArray$Visitor;)I @ 1130
Event: 5.735 Thread 0x000000000250e000 Uncommon trap: reason=unstable_if action=reinterpret pc=0x0000000002d34fe0 method=com.android.dx.ssa.SCCP.simulateBranch(Lcom/android/dx/ssa/SsaInsn;)V @ 548
Event: 6.339 Thread 0x000000000250e000 Uncommon trap: reason=class_check action=maybe_recompile pc=0x0000000002e9957c method=com.android.dx.cf.code.BytecodeArray.parseInstruction(ILcom/android/dx/cf/code/BytecodeArray$Visitor;)I @ 987
Event: 6.339 Thread 0x000000000250e000 Uncommon trap: reason=class_check action=maybe_recompile pc=0x0000000002e9957c method=com.android.dx.cf.code.BytecodeArray.parseInstruction(ILcom/android/dx/cf/code/BytecodeArray$Visitor;)I @ 987
Event: 6.339 Thread 0x000000000250e000 Uncommon trap: reason=class_check action=maybe_recompile pc=0x0000000002e9957c method=com.android.dx.cf.code.BytecodeArray.parseInstruction(ILcom/android/dx/cf/code/BytecodeArray$Visitor;)I @ 987
Event: 6.339 Thread 0x000000000250e000 Uncommon trap: reason=class_check action=maybe_recompile pc=0x0000000002e9957c method=com.android.dx.cf.code.BytecodeArray.parseInstruction(ILcom/android/dx/cf/code/BytecodeArray$Visitor;)I @ 987
Event: 6.358 Thread 0x000000000250e000 Uncommon trap: reason=unstable_if action=reinterpret pc=0x0000000002e81524 method=com.android.dx.rop.code.LocalVariableExtractor.processBlock(I)V @ 195
Event: 7.028 Thread 0x000000000250e000 Uncommon trap: reason=class_check action=maybe_recompile pc=0x0000000002e2f5d8 method=com.android.dx.ssa.LiteralOpUpgrader.isConstIntZeroOrKnownNull(Lcom/android/dx/rop/code/RegisterSpec;)Z @ 13
Event: 7.224 Thread 0x000000000250e000 Uncommon trap: reason=class_check action=maybe_recompile pc=0x0000000002e2f5d8 method=com.android.dx.ssa.LiteralOpUpgrader.isConstIntZeroOrKnownNull(Lcom/android/dx/rop/code/RegisterSpec;)Z @ 13
Event: 7.226 Thread 0x000000000250e000 Uncommon trap: reason=class_check action=maybe_recompile pc=0x0000000002e2f5d8 method=com.android.dx.ssa.LiteralOpUpgrader.isConstIntZeroOrKnownNull(Lcom/android/dx/rop/code/RegisterSpec;)Z @ 13

Internal exceptions (5 events):
Event: 0.247 Thread 0x000000000250e000 Exception <a 'java/lang/NoSuchMethodError': Method sun.misc.Unsafe.defineClass(Ljava/lang/String;[BII)Ljava/lang/Class; name or signature does not match> (0x00000000eab07cc0) thrown at [C:\re\workspace\8-2-build-windows-amd64-cygwin\jdk8u91\7017\hotspot\srv’Î4¶°Ï?
Event: 0.248 Thread 0x000000000250e000 Exception <a 'java/lang/NoSuchMethodError': Method sun.misc.Unsafe.prefetchRead(Ljava/lang/Object;J)V name or signature does not match> (0x00000000eab07fa8) thrown at [C:\re\workspace\8-2-build-windows-amd64-cygwin\jdk8u91\7017\hotspot\src\share\vm\prims\j;äã„]ß@
Event: 2.734 Thread 0x000000000250e000 Exception <a 'java/lang/ArrayIndexOutOfBoundsException': 18> (0x00000000eae35940) thrown at [C:\re\workspace\8-2-build-windows-amd64-cygwin\jdk8u91\7017\hotspot\src\share\vm\interpreter\interpreterRuntime.cpp, line 366]
Event: 2.734 Thread 0x000000000250e000 Exception <a 'java/lang/ArrayIndexOutOfBoundsException': 145> (0x00000000eae374c0) thrown at [C:\re\workspace\8-2-build-windows-amd64-cygwin\jdk8u91\7017\hotspot\src\share\vm\interpreter\interpreterRuntime.cpp, line 366]
Event: 2.810 Thread 0x000000000250e000 Exception <a 'java/lang/ArrayIndexOutOfBoundsException'> (0x00000000eae387a8) thrown at [C:\re\workspace\8-2-build-windows-amd64-cygwin\jdk8u91\7017\hotspot\src\share\vm\runtime\sharedRuntime.cpp, line 605]

Events (10 events):
Event: 7.177 Thread 0x000000000250e000 DEOPT PACKING pc=0x0000000002b5cb07 sp=0x000000000263e9a0
Event: 7.177 Thread 0x000000000250e000 DEOPT UNPACKING pc=0x000000000276787f sp=0x000000000263e7d0 mode 0
Event: 7.224 Thread 0x000000000250e000 Uncommon trap: trap_request=0xffffffde fr.pc=0x0000000002e2f5d8
Event: 7.224 Thread 0x000000000250e000 DEOPT PACKING pc=0x0000000002e2f5d8 sp=0x000000000263ea00
Event: 7.224 Thread 0x000000000250e000 DEOPT UNPACKING pc=0x000000000276582a sp=0x000000000263e940 mode 2
Event: 7.226 Thread 0x000000000250e000 Uncommon trap: trap_request=0xffffffde fr.pc=0x0000000002e2f5d8
Event: 7.226 Thread 0x000000000250e000 DEOPT PACKING pc=0x0000000002e2f5d8 sp=0x000000000263ea00
Event: 7.226 Thread 0x000000000250e000 DEOPT UNPACKING pc=0x000000000276582a sp=0x000000000263e940 mode 2
Event: 7.255 Executing VM operation: ParallelGCFailedAllocation
Event: 11.114 Executing VM operation: ParallelGCFailedAllocation done


Dynamic libraries:
0x000000013f430000 - 0x000000013f467000 	C:\Program Files\Java\jdk1.8.0_91\bin\java.exe
0x0000000077860000 - 0x0000000077a09000 	C:\Windows\SYSTEM32\ntdll.dll
0x0000000077740000 - 0x000000007785f000 	C:\Windows\system32\kernel32.dll
0x000007fefd790000 - 0x000007fefd7fb000 	C:\Windows\system32\KERNELBASE.dll
0x000007fefe640000 - 0x000007fefe71b000 	C:\Windows\system32\ADVAPI32.dll
0x000007fefdf60000 - 0x000007fefdfff000 	C:\Windows\system32\msvcrt.dll
0x000007fefe9d0000 - 0x000007fefe9ef000 	C:\Windows\SYSTEM32\sechost.dll
0x000007fefe720000 - 0x000007fefe84d000 	C:\Windows\system32\RPCRT4.dll
0x0000000077640000 - 0x000000007773a000 	C:\Windows\system32\USER32.dll
0x000007fefe850000 - 0x000007fefe8b7000 	C:\Windows\system32\GDI32.dll
0x000007feffac0000 - 0x000007fefface000 	C:\Windows\system32\LPK.dll
0x000007fefe9f0000 - 0x000007fefeab9000 	C:\Windows\system32\USP10.dll
0x000007fefbe40000 - 0x000007fefc034000 	C:\Windows\WinSxS\amd64_microsoft.windows.common-controls_6595b64144ccf1df_6.0.7601.17514_none_fa396087175ac9ac\COMCTL32.dll
0x000007fefdee0000 - 0x000007fefdf51000 	C:\Windows\system32\SHLWAPI.dll
0x000007fefe2a0000 - 0x000007fefe2ce000 	C:\Windows\system32\IMM32.DLL
0x000007fefe8c0000 - 0x000007fefe9c9000 	C:\Windows\system32\MSCTF.dll
0x0000000072cb0000 - 0x0000000072d82000 	C:\Program Files\Java\jdk1.8.0_91\jre\bin\msvcr100.dll
0x0000000070360000 - 0x0000000070bf3000 	C:\Program Files\Java\jdk1.8.0_91\jre\bin\server\jvm.dll
0x000007fefaa40000 - 0x000007fefaa49000 	C:\Windows\system32\WSOCK32.dll
0x000007fefe000000 - 0x000007fefe04d000 	C:\Windows\system32\WS2_32.dll
0x000007fefeb20000 - 0x000007fefeb28000 	C:\Windows\system32\NSI.dll
0x000007fef98c0000 - 0x000007fef98fb000 	C:\Windows\system32\WINMM.dll
0x000007fefc7a0000 - 0x000007fefc7ac000 	C:\Windows\system32\VERSION.dll
0x0000000077a20000 - 0x0000000077a27000 	C:\Windows\system32\PSAPI.DLL
0x0000000074e30000 - 0x0000000074e3f000 	C:\Program Files\Java\jdk1.8.0_91\jre\bin\verify.dll
0x0000000074100000 - 0x0000000074129000 	C:\Program Files\Java\jdk1.8.0_91\jre\bin\java.dll
0x00000000740e0000 - 0x00000000740f6000 	C:\Program Files\Java\jdk1.8.0_91\jre\bin\zip.dll
0x000007fefed30000 - 0x000007feffab8000 	C:\Windows\system32\SHELL32.dll
0x000007fefe430000 - 0x000007fefe633000 	C:\Windows\system32\ole32.dll
0x000007fefd640000 - 0x000007fefd64f000 	C:\Windows\system32\profapi.dll
0x000007fef2c50000 - 0x000007fef2d75000 	C:\Windows\system32\dbghelp.dll

VM Arguments:
jvm_args: -Djava.awt.headless=true -Xmx1024M -Dfile.encoding=x-windows-949 -Duser.country=KR -Duser.language=ko -Duser.variant 
java_command: com.android.dx.command.Main --dex --force-jumbo --multi-dex --output C:\Users\Tacademy\Desktop\Luke\Luke2\SinglePlay\app\build\intermediates\transforms\dex\debug\folders\1000\10\com.android.support-appcompat-v7-24.2.0_32d9761aacbe49fec5ee4d55fbeff89ae899f3bb C:\Users\Tacademy\Desktop\Luke\Luke2\SinglePlay\app\build\intermediates\exploded-aar\com.android.support\appcompat-v7\24.2.0\jars\classes.jar
java_class_path (initial): C:\Users\Tacademy\AppData\Local\Android\sdk\build-tools\21.1.2\lib\dx.jar
Launcher Type: SUN_STANDARD

Environment Variables:
JAVA_HOME=C:\Program Files\Java\jdk1.8.0_91
PATH=C:\Users\Tacademy\Desktop\s; C:\ProgramData\Oracle\Java\javapath;C:\Program Files (x86)\Intel\iCLS Client\;C:\Program Files\Intel\iCLS Client\;C:\Windows\system32;C:\Windows;C:\Windows\System32\Wbem;C:\Windows\System32\WindowsPowerShell\v1.0\;C:\Program Files\Intel\Intel(R) Management Engine Components\DAL;C:\Program Files\Intel\Intel(R) Management Engine Components\IPT;C:\Program Files (x86)\Intel\Intel(R) Management Engine Components\DAL;C:\Program Files (x86)\Intel\Intel(R) Management Engine Components\IPT;C:\Program Files\Intel\WiFi\bin\;C:\Program Files\Common Files\Intel\WirelessCommon\;C:\Program Files (x86)\Intel\OpenCL SDK\2.0\bin\x86;C:\Program Files (x86)\Intel\OpenCL SDK\2.0\bin\x64;C:\Program Files\Java\jdk1.8.0_91\bin;C:\Program Files\Git\cmd;C:\Program Files\Intel\WiFi\bin\;C:\Program Files\Common Files\Intel\WirelessCommon\;C:\Users\Tacademy\AppData\Local\Bandizip\7z
USERNAME=Tacademy
OS=Windows_NT
PROCESSOR_IDENTIFIER=Intel64 Family 6 Model 58 Stepping 9, GenuineIntel



---------------  S Y S T E M  ---------------

OS: Windows 7 , 64 bit Build 7601 (6.1.7601.18229)

CPU:total 4 (2 cores per cpu, 2 threads per core) family 6 model 58 stepping 9, cmov, cx8, fxsr, mmx, sse, sse2, sse3, ssse3, sse4.1, sse4.2, popcnt, avx, aes, clmul, erms, ht, tsc, tscinvbit, tscinv

Memory: 4k page, physical 3888676k(279992k free), swap 7775488k(1785068k free)

vm_info: Java HotSpot(TM) 64-Bit Server VM (25.91-b15) for windows-amd64 JRE (1.8.0_91-b15), built on May 20 2016 17:43:15 by "java_re" with MS VC++ 10.0 (VS2010)

time: Mon Sep 19 15:05:57 2016
elapsed time: 11 seconds (0d 0h 0m 11s)

