#
# A fatal error has been detected by the Java Runtime Environment:
#
#  EXCEPTION_ACCESS_VIOLATION (0xc0000005) at pc=0x00000000027f3bda, pid=1836, tid=4292
#
# JRE version: Java(TM) SE Runtime Environment (8.0_91-b15) (build 1.8.0_91-b15)
# Java VM: Java HotSpot(TM) 64-Bit Server VM (25.91-b15 mixed mode windows-amd64 compressed oops)
# Problematic frame:
# j  com.android.dx.dex.code.OutputFinisher.align64bits([Lcom/android/dx/dex/code/Dop;)V+80
#
# Failed to write core dump. Minidumps are not enabled by default on client versions of Windows
#
# If you would like to submit a bug report, please visit:
#   http://bugreport.java.com/bugreport/crash.jsp
#

---------------  T H R E A D  ---------------

Current thread (0x000000005659c000):  JavaThread "pool-1-thread-1" [_thread_in_Java, id=4292, stack(0x00000000572f0000,0x00000000573f0000)]

siginfo: ExceptionCode=0xc0000005, reading address 0x00000000e125a298

Registers:
RAX=0x0000000000100000, RBX=0x00000000548afa78, RCX=0x00000000e125a298, RDX=0x0000000040500001
RSP=0x00000000573eeb88, RBP=0x00000000573eebe0, RSI=0x0000000054ab3888, RDI=0x0000000054ab3888
R8 =0x000000000000158c, R9 =0x00000000ec004210, R10=0x0000000070b549a0, R11=0x0000000002e5e140
R12=0x0000000000000000, R13=0x00000000549fcfd8, R14=0x00000000573eec58, R15=0x000000005659c000
RIP=0x00000000027f3bda, EFLAGS=0x0000000000010206

Top of Stack: (sp=0x00000000573eeb88)
0x00000000573eeb88:   00000000027d7d80 00000000e125a298
0x00000000573eeb98:   0000000000000000 00000000573eeba0
0x00000000573eeba8:   00000000549fcfd8 00000000573eec58
0x00000000573eebb8:   00000000549fd680 0000000000000000
0x00000000573eebc8:   00000000549fd148 0000000000000000
0x00000000573eebd8:   00000000573eec50 00000000573eeca0
0x00000000573eebe8:   00000000027d8331 0000000000000000
0x00000000573eebf8:   00000000c12a4400 0000000000000000
0x00000000573eec08:   00000000e125a298 00000000ec0d7258
0x00000000573eec18:   00000000ec7212f8 000000000000000a
0x00000000573eec28:   000000000000000d 0000000000000000
0x00000000573eec38:   0000000000000000 0000000000000004
0x00000000573eec48:   0000000000000000 00000000ec7130d8
0x00000000573eec58:   00000000ebff8d50 00000000573eec60
0x00000000573eec68:   00000000549fbf58 00000000573eecb8
0x00000000573eec78:   00000000549fd680 0000000000000000 

Instructions: (pc=0x00000000027f3bda)
0x00000000027f3bba:   b5 70 00 00 00 00 49 8b 14 d2 52 41 8b d5 4c 8b
0x00000000027f3bca:   6d c8 8b c2 81 e0 00 00 10 00 0f 84 62 01 00 00
0x00000000027f3bda:   48 3b 01 48 8b 45 e0 48 85 c0 0f 84 12 00 00 00
0x00000000027f3bea:   48 83 40 08 01 48 83 58 08 00 48 83 c0 30 48 89 


Register to memory mapping:

RAX=0x0000000000100000 is an unknown value
RBX={method} {0x00000000548afa80} 'size' '()I' in 'com/android/dx/util/FixedSizeList'
RCX=0x00000000e125a298 is an unallocated location in the heap
RDX=0x0000000040500001 is an unknown value
RSP=0x00000000573eeb88 is pointing into the stack for thread: 0x000000005659c000
RBP=0x00000000573eebe0 is pointing into the stack for thread: 0x000000005659c000
RSI=0x0000000054ab3888 is pointing into metadata
RDI=0x0000000054ab3888 is pointing into metadata
R8 =0x000000000000158c is an unknown value
R9 =0x00000000ec004210 is an oop
[Ljava.lang.Object; 
 - klass: 'java/lang/Object'[]
 - length: 18373
R10=0x0000000070b549a0 is an unknown value
R11=0x0000000002e5e140 is at entry_point+32 in (nmethod*)0x0000000002e5dfd0
R12=0x0000000000000000 is an unknown value
R13=0x00000000549fcfd8 is pointing into metadata
R14=0x00000000573eec58 is pointing into the stack for thread: 0x000000005659c000
R15=0x000000005659c000 is a thread


Stack: [0x00000000572f0000,0x00000000573f0000],  sp=0x00000000573eeb88,  free space=1018k
Native frames: (J=compiled Java code, j=interpreted, Vv=VM code, C=native code)
C  0x00000000027f3bda


---------------  P R O C E S S  ---------------

Java Threads: ( => current thread )
=>0x000000005659c000 JavaThread "pool-1-thread-1" [_thread_in_Java, id=4292, stack(0x00000000572f0000,0x00000000573f0000)]
  0x00000000563f4000 JavaThread "Service Thread" daemon [_thread_blocked, id=3680, stack(0x0000000055e80000,0x0000000055f80000)]
  0x000000005637d800 JavaThread "C1 CompilerThread2" daemon [_thread_blocked, id=5872, stack(0x0000000056f70000,0x0000000057070000)]
  0x000000005637c000 JavaThread "C2 CompilerThread1" daemon [_thread_blocked, id=5640, stack(0x0000000056df0000,0x0000000056ef0000)]
  0x0000000054e5e000 JavaThread "C2 CompilerThread0" daemon [_thread_blocked, id=6120, stack(0x0000000056bc0000,0x0000000056cc0000)]
  0x0000000054e59000 JavaThread "Attach Listener" daemon [_thread_blocked, id=4316, stack(0x00000000569e0000,0x0000000056ae0000)]
  0x0000000054e58000 JavaThread "Signal Dispatcher" daemon [_thread_blocked, id=3768, stack(0x00000000567f0000,0x00000000568f0000)]
  0x0000000054e33800 JavaThread "Finalizer" daemon [_thread_blocked, id=6040, stack(0x0000000056260000,0x0000000056360000)]
  0x0000000054df2000 JavaThread "Reference Handler" daemon [_thread_blocked, id=5996, stack(0x0000000056150000,0x0000000056250000)]
  0x000000000044e000 JavaThread "main" [_thread_blocked, id=5876, stack(0x00000000026d0000,0x00000000027d0000)]

Other Threads:
  0x0000000054dea800 VMThread [stack: 0x0000000055fa0000,0x00000000560a0000] [id=1284]
  0x00000000563fb000 WatcherThread [stack: 0x00000000570f0000,0x00000000571f0000] [id=5932]

VM state:not at safepoint (normal execution)

VM Mutex/Monitor currently owned by a thread: None

Heap:
 PSYoungGen      total 64000K, used 31480K [0x00000000eab00000, 0x00000000f2d80000, 0x0000000100000000)
  eden space 61440K, 47% used [0x00000000eab00000,0x00000000ec73e148,0x00000000ee700000)
  from space 2560K, 100% used [0x00000000ee700000,0x00000000ee980000,0x00000000ee980000)
  to   space 16896K, 0% used [0x00000000f1d00000,0x00000000f1d00000,0x00000000f2d80000)
 ParOldGen       total 58368K, used 28649K [0x00000000c0000000, 0x00000000c3900000, 0x00000000eab00000)
  object space 58368K, 49% used [0x00000000c0000000,0x00000000c1bfa4a8,0x00000000c3900000)
 Metaspace       used 6169K, capacity 7152K, committed 7296K, reserved 1056768K
  class space    used 603K, capacity 616K, committed 640K, reserved 1048576K

Card table byte_map: [0x0000000011b90000,0x0000000011da0000] byte_map_base: 0x0000000011590000

Marking Bits: (ParMarkBitMap*) 0x0000000070b72f70
 Begin Bits: [0x0000000012260000, 0x0000000013260000)
 End Bits:   [0x0000000013260000, 0x0000000014260000)

Polling page: 0x0000000000430000

CodeCache: size=245760Kb used=6928Kb max_used=6956Kb free=238831Kb
 bounds [0x00000000027d0000, 0x0000000002eb0000, 0x00000000117d0000]
 total_blobs=2033 nmethods=1769 adapters=177
 compilation: enabled

Compilation events (10 events):
Event: 4.971 Thread 0x000000005637d800 nmethod 1871 0x0000000002e8ba10 code [0x0000000002e8bba0, 0x0000000002e8c0b8]
Event: 4.971 Thread 0x000000005637d800 1877       1       com.android.dx.dex.code.form.Form22c::codeSize (2 bytes)
Event: 4.971 Thread 0x000000005637d800 nmethod 1877 0x0000000002e85550 code [0x0000000002e856a0, 0x0000000002e857b0]
Event: 4.985 Thread 0x000000005637c000 nmethod 1876 0x0000000002e8fc90 code [0x0000000002e8fe40, 0x0000000002e90b98]
Event: 4.985 Thread 0x000000005637c000 1874       4       com.android.dx.dex.code.DalvInsnList::set (7 bytes)
Event: 4.986 Thread 0x000000005637c000 nmethod 1874 0x0000000002e8cbd0 code [0x0000000002e8cd20, 0x0000000002e8ce18]
Event: 4.986 Thread 0x000000005637c000 1875       4       com.android.dx.rop.code.SourcePosition::sameLine (17 bytes)
Event: 4.987 Thread 0x000000005637c000 nmethod 1875 0x0000000002e8c990 code [0x0000000002e8cac0, 0x0000000002e8cb38]
Event: 4.987 Thread 0x000000005637c000 1873       4       com.android.dx.dex.code.FixedSizeInsn::codeSize (11 bytes)
Event: 4.987 Thread 0x000000005637c000 nmethod 1873 0x0000000002e8c710 code [0x0000000002e8c860, 0x0000000002e8c8d8]

GC Heap History (10 events):
Event: 1.666 GC heap before
{Heap before GC invocations=2 (full 0):
 PSYoungGen      total 17920K, used 17888K [0x00000000eab00000, 0x00000000ece00000, 0x0000000100000000)
  eden space 15360K, 100% used [0x00000000eab00000,0x00000000eba00000,0x00000000eba00000)
  from space 2560K, 98% used [0x00000000eba00000,0x00000000ebc78178,0x00000000ebc80000)
  to   space 2560K, 0% used [0x00000000ecb80000,0x00000000ecb80000,0x00000000ece00000)
 ParOldGen       total 40960K, used 1850K [0x00000000c0000000, 0x00000000c2800000, 0x00000000eab00000)
  object space 40960K, 4% used [0x00000000c0000000,0x00000000c01ceac8,0x00000000c2800000)
 Metaspace       used 5657K, capacity 6768K, committed 7040K, reserved 1056768K
  class space    used 583K, capacity 616K, committed 640K, reserved 1048576K
Event: 1.683 GC heap after
Heap after GC invocations=2 (full 0):
 PSYoungGen      total 33280K, used 2554K [0x00000000eab00000, 0x00000000ece00000, 0x0000000100000000)
  eden space 30720K, 0% used [0x00000000eab00000,0x00000000eab00000,0x00000000ec900000)
  from space 2560K, 99% used [0x00000000ecb80000,0x00000000ecdfea90,0x00000000ece00000)
  to   space 2560K, 0% used [0x00000000ec900000,0x00000000ec900000,0x00000000ecb80000)
 ParOldGen       total 40960K, used 8484K [0x00000000c0000000, 0x00000000c2800000, 0x00000000eab00000)
  object space 40960K, 20% used [0x00000000c0000000,0x00000000c0849038,0x00000000c2800000)
 Metaspace       used 5657K, capacity 6768K, committed 7040K, reserved 1056768K
  class space    used 583K, capacity 616K, committed 640K, reserved 1048576K
}
Event: 2.430 GC heap before
{Heap before GC invocations=3 (full 0):
 PSYoungGen      total 33280K, used 33274K [0x00000000eab00000, 0x00000000ece00000, 0x0000000100000000)
  eden space 30720K, 100% used [0x00000000eab00000,0x00000000ec900000,0x00000000ec900000)
  from space 2560K, 99% used [0x00000000ecb80000,0x00000000ecdfea90,0x00000000ece00000)
  to   space 2560K, 0% used [0x00000000ec900000,0x00000000ec900000,0x00000000ecb80000)
 ParOldGen       total 40960K, used 8484K [0x00000000c0000000, 0x00000000c2800000, 0x00000000eab00000)
  object space 40960K, 20% used [0x00000000c0000000,0x00000000c0849038,0x00000000c2800000)
 Metaspace       used 5763K, capacity 6832K, committed 7040K, reserved 1056768K
  class space    used 587K, capacity 616K, committed 640K, reserved 1048576K
Event: 2.612 GC heap after
Heap after GC invocations=3 (full 0):
 PSYoungGen      total 33280K, used 2546K [0x00000000eab00000, 0x00000000eec00000, 0x0000000100000000)
  eden space 30720K, 0% used [0x00000000eab00000,0x00000000eab00000,0x00000000ec900000)
  from space 2560K, 99% used [0x00000000ec900000,0x00000000ecb7c820,0x00000000ecb80000)
  to   space 2560K, 0% used [0x00000000ee980000,0x00000000ee980000,0x00000000eec00000)
 ParOldGen       total 40960K, used 16476K [0x00000000c0000000, 0x00000000c2800000, 0x00000000eab00000)
  object space 40960K, 40% used [0x00000000c0000000,0x00000000c10173b8,0x00000000c2800000)
 Metaspace       used 5763K, capacity 6832K, committed 7040K, reserved 1056768K
  class space    used 587K, capacity 616K, committed 640K, reserved 1048576K
}
Event: 2.897 GC heap before
{Heap before GC invocations=4 (full 0):
 PSYoungGen      total 33280K, used 33266K [0x00000000eab00000, 0x00000000eec00000, 0x0000000100000000)
  eden space 30720K, 100% used [0x00000000eab00000,0x00000000ec900000,0x00000000ec900000)
  from space 2560K, 99% used [0x00000000ec900000,0x00000000ecb7c820,0x00000000ecb80000)
  to   space 2560K, 0% used [0x00000000ee980000,0x00000000ee980000,0x00000000eec00000)
 ParOldGen       total 40960K, used 16476K [0x00000000c0000000, 0x00000000c2800000, 0x00000000eab00000)
  object space 40960K, 40% used [0x00000000c0000000,0x00000000c10173b8,0x00000000c2800000)
 Metaspace       used 5826K, capacity 6896K, committed 7040K, reserved 1056768K
  class space    used 587K, capacity 616K, committed 640K, reserved 1048576K
Event: 3.100 GC heap after
Heap after GC invocations=4 (full 0):
 PSYoungGen      total 64000K, used 2546K [0x00000000eab00000, 0x00000000eec00000, 0x0000000100000000)
  eden space 61440K, 0% used [0x00000000eab00000,0x00000000eab00000,0x00000000ee700000)
  from space 2560K, 99% used [0x00000000ee980000,0x00000000eebfc820,0x00000000eec00000)
  to   space 2560K, 0% used [0x00000000ee700000,0x00000000ee700000,0x00000000ee980000)
 ParOldGen       total 40960K, used 30301K [0x00000000c0000000, 0x00000000c2800000, 0x00000000eab00000)
  object space 40960K, 73% used [0x00000000c0000000,0x00000000c1d97710,0x00000000c2800000)
 Metaspace       used 5826K, capacity 6896K, committed 7040K, reserved 1056768K
  class space    used 587K, capacity 616K, committed 640K, reserved 1048576K
}
Event: 3.100 GC heap before
{Heap before GC invocations=5 (full 1):
 PSYoungGen      total 64000K, used 2546K [0x00000000eab00000, 0x00000000eec00000, 0x0000000100000000)
  eden space 61440K, 0% used [0x00000000eab00000,0x00000000eab00000,0x00000000ee700000)
  from space 2560K, 99% used [0x00000000ee980000,0x00000000eebfc820,0x00000000eec00000)
  to   space 2560K, 0% used [0x00000000ee700000,0x00000000ee700000,0x00000000ee980000)
 ParOldGen       total 40960K, used 30301K [0x00000000c0000000, 0x00000000c2800000, 0x00000000eab00000)
  object space 40960K, 73% used [0x00000000c0000000,0x00000000c1d97710,0x00000000c2800000)
 Metaspace       used 5826K, capacity 6896K, committed 7040K, reserved 1056768K
  class space    used 587K, capacity 616K, committed 640K, reserved 1048576K
Event: 3.428 GC heap after
Heap after GC invocations=5 (full 1):
 PSYoungGen      total 64000K, used 0K [0x00000000eab00000, 0x00000000eec00000, 0x0000000100000000)
  eden space 61440K, 0% used [0x00000000eab00000,0x00000000eab00000,0x00000000ee700000)
  from space 2560K, 0% used [0x00000000ee980000,0x00000000ee980000,0x00000000eec00000)
  to   space 2560K, 0% used [0x00000000ee700000,0x00000000ee700000,0x00000000ee980000)
 ParOldGen       total 58368K, used 21256K [0x00000000c0000000, 0x00000000c3900000, 0x00000000eab00000)
  object space 58368K, 36% used [0x00000000c0000000,0x00000000c14c2188,0x00000000c3900000)
 Metaspace       used 5826K, capacity 6896K, committed 7040K, reserved 1056768K
  class space    used 587K, capacity 616K, committed 640K, reserved 1048576K
}
Event: 4.034 GC heap before
{Heap before GC invocations=6 (full 1):
 PSYoungGen      total 64000K, used 61440K [0x00000000eab00000, 0x00000000eec00000, 0x0000000100000000)
  eden space 61440K, 100% used [0x00000000eab00000,0x00000000ee700000,0x00000000ee700000)
  from space 2560K, 0% used [0x00000000ee980000,0x00000000ee980000,0x00000000eec00000)
  to   space 2560K, 0% used [0x00000000ee700000,0x00000000ee700000,0x00000000ee980000)
 ParOldGen       total 58368K, used 21256K [0x00000000c0000000, 0x00000000c3900000, 0x00000000eab00000)
  object space 58368K, 36% used [0x00000000c0000000,0x00000000c14c2188,0x00000000c3900000)
 Metaspace       used 5983K, capacity 7024K, committed 7296K, reserved 1056768K
  class space    used 589K, capacity 616K, committed 640K, reserved 1048576K
Event: 4.161 GC heap after
Heap after GC invocations=6 (full 1):
 PSYoungGen      total 64000K, used 2560K [0x00000000eab00000, 0x00000000f2d80000, 0x0000000100000000)
  eden space 61440K, 0% used [0x00000000eab00000,0x00000000eab00000,0x00000000ee700000)
  from space 2560K, 100% used [0x00000000ee700000,0x00000000ee980000,0x00000000ee980000)
  to   space 16896K, 0% used [0x00000000f1d00000,0x00000000f1d00000,0x00000000f2d80000)
 ParOldGen       total 58368K, used 28649K [0x00000000c0000000, 0x00000000c3900000, 0x00000000eab00000)
  object space 58368K, 49% used [0x00000000c0000000,0x00000000c1bfa4a8,0x00000000c3900000)
 Metaspace       used 5983K, capacity 7024K, committed 7296K, reserved 1056768K
  class space    used 589K, capacity 616K, committed 640K, reserved 1048576K
}

Deoptimization events (10 events):
Event: 4.670 Thread 0x000000005659c000 Uncommon trap: reason=bimorphic action=maybe_recompile pc=0x0000000002a27dfc method=java.util.HashMap.getNode(ILjava/lang/Object;)Ljava/util/HashMap$Node; @ 126
Event: 4.670 Thread 0x000000005659c000 Uncommon trap: reason=class_check action=maybe_recompile pc=0x0000000002ad5b84 method=java.util.HashMap.putVal(ILjava/lang/Object;Ljava/lang/Object;ZZ)Ljava/lang/Object; @ 203
Event: 4.670 Thread 0x000000005659c000 Uncommon trap: reason=bimorphic action=maybe_recompile pc=0x0000000002a27dfc method=java.util.HashMap.getNode(ILjava/lang/Object;)Ljava/util/HashMap$Node; @ 126
Event: 4.670 Thread 0x000000005659c000 Uncommon trap: reason=class_check action=maybe_recompile pc=0x0000000002ad5b84 method=java.util.HashMap.putVal(ILjava/lang/Object;Ljava/lang/Object;ZZ)Ljava/lang/Object; @ 203
Event: 4.670 Thread 0x000000005659c000 Uncommon trap: reason=bimorphic action=maybe_recompile pc=0x0000000002a27dfc method=java.util.HashMap.getNode(ILjava/lang/Object;)Ljava/util/HashMap$Node; @ 126
Event: 4.670 Thread 0x000000005659c000 Uncommon trap: reason=class_check action=maybe_recompile pc=0x0000000002ad5b84 method=java.util.HashMap.putVal(ILjava/lang/Object;Ljava/lang/Object;ZZ)Ljava/lang/Object; @ 203
Event: 4.670 Thread 0x000000005659c000 Uncommon trap: reason=bimorphic action=maybe_recompile pc=0x0000000002a27dfc method=java.util.HashMap.getNode(ILjava/lang/Object;)Ljava/util/HashMap$Node; @ 126
Event: 4.671 Thread 0x000000005659c000 Uncommon trap: reason=class_check action=maybe_recompile pc=0x0000000002ad5b84 method=java.util.HashMap.putVal(ILjava/lang/Object;Ljava/lang/Object;ZZ)Ljava/lang/Object; @ 203
Event: 4.671 Thread 0x000000005659c000 Uncommon trap: reason=bimorphic action=maybe_recompile pc=0x0000000002dbb68c method=java.util.HashMap.getNode(ILjava/lang/Object;)Ljava/util/HashMap$Node; @ 126
Event: 4.671 Thread 0x000000005659c000 Uncommon trap: reason=class_check action=maybe_recompile pc=0x0000000002abf944 method=java.util.HashMap.putVal(ILjava/lang/Object;Ljava/lang/Object;ZZ)Ljava/lang/Object; @ 203

Internal exceptions (3 events):
Event: 0.213 Thread 0x000000000044e000 Exception <a 'java/lang/NoSuchMethodError': Method sun.misc.Unsafe.defineClass(Ljava/lang/String;[BII)Ljava/lang/Class; name or signature does not match> (0x00000000eab07cc0) thrown at [C:\re\workspace\8-2-build-windows-amd64-cygwin\jdk8u91\7017\hotspot\sró¡>^ÇEË?
Event: 0.213 Thread 0x000000000044e000 Exception <a 'java/lang/NoSuchMethodError': Method sun.misc.Unsafe.prefetchRead(Ljava/lang/Object;J)V name or signature does not match> (0x00000000eab07fa8) thrown at [C:\re\workspace\8-2-build-windows-amd64-cygwin\jdk8u91\7017\hotspot\src\share\vm\prims\j\çŽ„õò?
Event: 1.185 Thread 0x0000000056626000 Implicit null exception at 0x0000000002a632c8 to 0x0000000002a64b65

Events (10 events):
Event: 4.809 loading class com/android/dx/dex/code/LocalList$MakeState
Event: 4.809 loading class com/android/dx/dex/code/LocalList$MakeState done
Event: 4.843 loading class com/android/dx/dex/code/LocalList$Disposition
Event: 4.843 loading class com/android/dx/dex/code/LocalList$Disposition done
Event: 4.844 loading class com/android/dx/dex/code/LocalList$Entry
Event: 4.844 loading class com/android/dx/dex/code/LocalList$Entry done
Event: 4.845 loading class com/android/dx/dex/code/CatchHandlerList
Event: 4.845 loading class com/android/dx/dex/code/CatchHandlerList done
Event: 4.846 loading class com/android/dx/dex/code/CatchTable
Event: 4.846 loading class com/android/dx/dex/code/CatchTable done


Dynamic libraries:
0x000000013f430000 - 0x000000013f467000 	C:\Program Files\Java\jdk1.8.0_91\bin\java.exe
0x0000000077860000 - 0x0000000077a09000 	C:\Windows\SYSTEM32\ntdll.dll
0x0000000077740000 - 0x000000007785f000 	C:\Windows\system32\kernel32.dll
0x000007fefd790000 - 0x000007fefd7fb000 	C:\Windows\system32\KERNELBASE.dll
0x000007fefe640000 - 0x000007fefe71b000 	C:\Windows\system32\ADVAPI32.dll
0x000007fefdf60000 - 0x000007fefdfff000 	C:\Windows\system32\msvcrt.dll
0x000007fefe9d0000 - 0x000007fefe9ef000 	C:\Windows\SYSTEM32\sechost.dll
0x000007fefe720000 - 0x000007fefe84d000 	C:\Windows\system32\RPCRT4.dll
0x0000000077640000 - 0x000000007773a000 	C:\Windows\system32\USER32.dll
0x000007fefe850000 - 0x000007fefe8b7000 	C:\Windows\system32\GDI32.dll
0x000007feffac0000 - 0x000007fefface000 	C:\Windows\system32\LPK.dll
0x000007fefe9f0000 - 0x000007fefeab9000 	C:\Windows\system32\USP10.dll
0x000007fefbe40000 - 0x000007fefc034000 	C:\Windows\WinSxS\amd64_microsoft.windows.common-controls_6595b64144ccf1df_6.0.7601.17514_none_fa396087175ac9ac\COMCTL32.dll
0x000007fefdee0000 - 0x000007fefdf51000 	C:\Windows\system32\SHLWAPI.dll
0x000007fefe2a0000 - 0x000007fefe2ce000 	C:\Windows\system32\IMM32.DLL
0x000007fefe8c0000 - 0x000007fefe9c9000 	C:\Windows\system32\MSCTF.dll
0x0000000072cb0000 - 0x0000000072d82000 	C:\Program Files\Java\jdk1.8.0_91\jre\bin\msvcr100.dll
0x0000000070360000 - 0x0000000070bf3000 	C:\Program Files\Java\jdk1.8.0_91\jre\bin\server\jvm.dll
0x000007fefaa40000 - 0x000007fefaa49000 	C:\Windows\system32\WSOCK32.dll
0x000007fefe000000 - 0x000007fefe04d000 	C:\Windows\system32\WS2_32.dll
0x000007fefeb20000 - 0x000007fefeb28000 	C:\Windows\system32\NSI.dll
0x000007fef98c0000 - 0x000007fef98fb000 	C:\Windows\system32\WINMM.dll
0x000007fefc7a0000 - 0x000007fefc7ac000 	C:\Windows\system32\VERSION.dll
0x0000000077a20000 - 0x0000000077a27000 	C:\Windows\system32\PSAPI.DLL
0x0000000074e30000 - 0x0000000074e3f000 	C:\Program Files\Java\jdk1.8.0_91\jre\bin\verify.dll
0x0000000074100000 - 0x0000000074129000 	C:\Program Files\Java\jdk1.8.0_91\jre\bin\java.dll
0x00000000740e0000 - 0x00000000740f6000 	C:\Program Files\Java\jdk1.8.0_91\jre\bin\zip.dll
0x000007fefed30000 - 0x000007feffab8000 	C:\Windows\system32\SHELL32.dll
0x000007fefe430000 - 0x000007fefe633000 	C:\Windows\system32\ole32.dll
0x000007fefd640000 - 0x000007fefd64f000 	C:\Windows\system32\profapi.dll
0x000007fef2c50000 - 0x000007fef2d75000 	C:\Windows\system32\dbghelp.dll

VM Arguments:
jvm_args: -Djava.awt.headless=true -Xmx1024M -Dfile.encoding=x-windows-949 -Duser.country=KR -Duser.language=ko -Duser.variant 
java_command: com.android.dx.command.Main --dex --force-jumbo --num-threads=4 --multi-dex --output C:\Users\Tacademy\Desktop\Luke\Luke2\SinglePlay\app\build\intermediates\transforms\dex\debug\folders\1000\5\slice_6 C:\Users\Tacademy\Desktop\Luke\Luke2\SinglePlay\app\build\intermediates\transforms\instantRunSlicer\debug\folders\1\5\slice_6
java_class_path (initial): C:\Users\Tacademy\AppData\Local\Android\sdk\build-tools\24.0.1\lib\dx.jar
Launcher Type: SUN_STANDARD

Environment Variables:
JAVA_HOME=C:\Program Files\Java\jdk1.8.0_91
PATH=C:\Users\Tacademy\Desktop\s; C:\ProgramData\Oracle\Java\javapath;C:\Program Files (x86)\Intel\iCLS Client\;C:\Program Files\Intel\iCLS Client\;C:\Windows\system32;C:\Windows;C:\Windows\System32\Wbem;C:\Windows\System32\WindowsPowerShell\v1.0\;C:\Program Files\Intel\Intel(R) Management Engine Components\DAL;C:\Program Files\Intel\Intel(R) Management Engine Components\IPT;C:\Program Files (x86)\Intel\Intel(R) Management Engine Components\DAL;C:\Program Files (x86)\Intel\Intel(R) Management Engine Components\IPT;C:\Program Files\Intel\WiFi\bin\;C:\Program Files\Common Files\Intel\WirelessCommon\;C:\Program Files (x86)\Intel\OpenCL SDK\2.0\bin\x86;C:\Program Files (x86)\Intel\OpenCL SDK\2.0\bin\x64;C:\Program Files\Java\jdk1.8.0_91\bin;C:\Program Files\Git\cmd;C:\Program Files\Intel\WiFi\bin\;C:\Program Files\Common Files\Intel\WirelessCommon\;C:\Users\Tacademy\AppData\Local\Bandizip\7z
USERNAME=Tacademy
OS=Windows_NT
PROCESSOR_IDENTIFIER=Intel64 Family 6 Model 58 Stepping 9, GenuineIntel



---------------  S Y S T E M  ---------------

OS: Windows 7 , 64 bit Build 7601 (6.1.7601.18229)

CPU:total 4 (2 cores per cpu, 2 threads per core) family 6 model 58 stepping 9, cmov, cx8, fxsr, mmx, sse, sse2, sse3, ssse3, sse4.1, sse4.2, popcnt, avx, aes, clmul, erms, ht, tsc, tscinvbit, tscinv

Memory: 4k page, physical 3888676k(151548k free), swap 7775488k(1386748k free)

vm_info: Java HotSpot(TM) 64-Bit Server VM (25.91-b15) for windows-amd64 JRE (1.8.0_91-b15), built on May 20 2016 17:43:15 by "java_re" with MS VC++ 10.0 (VS2010)

time: Mon Sep 19 15:02:32 2016
elapsed time: 5 seconds (0d 0h 0m 5s)

